[   0.00000]IIiiiillizin cgroup uubsyscpuset
    00000000 nntiliiingccrruup uusy  cp
[    0.0000]Initialzzin cgruu  ubyscpactt

     0000000 Linxvverio  ....0-15--generi (uuildd@lgw01-amd64-443)((gcc eesion5.4.0 20160609 (Ubuntu5...0-uuuutt1116.0.10) ) #78-Uunuu SPP TeeJJun 11 08:30:22 UTC 2019 (Ubuntu 4...0-15..17--generic ..4.779)
[   00000000 Cmmndlline: OOOT_IMAGE/bot/vllinuz-444.01151ggnnrrcc root=AABE==clouiig-oottfs ro onsolettyy1 console=ttyS0
[    0.000000] KERNEL supported cpus:
[    0.000000]   Intel GenuineIntel
[    0.000000]   ADD AuthenticAMD
[    0.000000]   eentaur CetaurHauls
[    0.000000] x86/fpu: Legac  87FFPU dtteceed.

[   00.000000]ee220: BIO-proiided physical RAM map:
[    0.000000] IIOSee820: [mem 00000000000000000x000000000009fbff] usable
[    0.000000] BIOS-e820: [mem 0x000000000009fc00-0x000000000009ffff] reserved
[    0.000000] BIOS-e820: [mem 0x00000000000f0000-0x00000000000fffff] reserved
[    0.000000] BIOS-e820: [mem 0x0000000000100000-0x000000003ffeffff] usable
[    0.000000] BIOS-e820: [mem 0x000000003fff0000-0x000000003fffffff] ACPI data
[    0.000000] BIOS-e820: [mem 0x00000000fec00000-0x00000000fec00fff] reserved
[    0.000000] BIOS-e820: [mem 0x00000000fee00000-0x00000000fee00fff] reserved
[    0.000000] BIOS-e820: [mem 0x00000000fffc0000-0x00000000ffffffff] reserved
[    0.000000] NX (Execute Disable) protection: active
[    0.000000] SMBIOS 2.5 present.
[    0.000000] Hypervisor detected: KVM
[    0.000000] Kernel/User page tables isolation: disabled
[    0.000000] AGP: No AGP bridge found
[    0.000000] e820: last_pfn = 0x3fff0 max_arch_pfn = 0x400000000
[    0.000000] MTRR: Disabled
[    0.000000] x86/PAT: MTRRs disabled, skipping PAT initialization too.
[    0.000000] CPU MTRRs all blank - virtualized system.
[    0.000000] x86/PAT: Configuration [0-7]: WB  WT  UC- UC  WB  WT  UC- UC  
[    0.000000] found SMP MP-table at [mem 0x0009fff0-0x0009ffff] mapped at [ffff88000009fff0]
[    0.000000] Scanning 1 areas for low memory corruption
[    0.000000] RAMDISK: [mem 0x362fc000-0x37175fff]
[    0.000000] ACPI: Early table checksum verification disabled
[    0.000000] ACPI: RSDP 0x00000000000E0000 000024 (v02 VBOX  )
[    0.000000] ACPI: XSDT 0x000000003FFF0030 00003C (v01 VBOX   VBOXXSDT 00000001 ASL  00000061)
[    0.000000] ACPI: FACP 0x000000003FFF00F0 0000F4 (v04 VBOX   VBOXFACP 00000001 ASL  00000061)
[    0.000000] ACPI: DSDT 0x000000003FFF0470 0021FF (v02 VBOX   VBOXBIOS 00000002 INTL 20160108)
[    0.000000] ACPI: FACS 0x000000003FFF0200 000040
[    0.000000] ACPI: FACS 0x000000003FFF0200 000040
[    0.000000] ACPI: APIC 0x000000003FFF0240 000054 (v02 VBOX   VBOXAPIC 00000001 ASL  00000061)
[    0.000000] ACPI: SSDT 0x000000003FFF02A0 0001CC (v01 VBOX   VBOXCPUT 00000002 INTL 20160108)
[    0.000000] No NUMA configuration found
[    0.000000] Faking a node at [mem 0x0000000000000000-0x000000003ffeffff]
[    0.000000] NODE_DATA(0) allocated [mem 0x3ffeb000-0x3ffeffff]
[    0.000000] kvm-clock: Using msrs 4b564d01 and 4b564d00
[    0.000000] kvm-clock: cpu 0, msr 0:3ffe3001, primary cpu clock
[    0.000000] kvm-clock: using sched offset of 3676656768 cycles
[    0.000000] clocksource: kvm-clock: mask: 0xffffffffffffffff max_cycles: 0x1cd42e4dffb, max_idle_ns: 881590591483 ns
[    0.000000] Zone ranges:
[    0.000000]   DMA      [mem 0x0000000000001000-0x0000000000ffffff]
[    0.000000]   DMA32    [mem 0x0000000001000000-0x000000003ffeffff]
[    0.000000]   Normal   empty
[    0.000000]   Device   empty
[    0.000000] Movable zone start for each node
[    0.000000] Early memory node ranges
[    0.000000]   node   0: [mem 0x0000000000001000-0x000000000009efff]
[    0.000000]   node   0: [mem 0x0000000000100000-0x000000003ffeffff]
[    0.000000] Initmem setup node 0 [mem 0x0000000000001000-0x000000003ffeffff]
[    0.000000] ACPI: PM-Timer IO Port: 0x4008
[    0.000000] IOAPIC[0]: apic_id 1, version 32, address 0xfec00000, GSI 0-23
[    0.000000] ACPI: INT_SRC_OVR (bus 0 bus_irq 0 global_irq 2 dfl dfl)
[    0.000000] ACPI: INT_SRC_OVR (bus 0 bus_irq 9 global_irq 9 high level)
[    0.000000] Using ACPI (MADT) for SMP configuration information
[    0.000000] smpboot: Allowing 1 CPUs, 0 hotplug CPUs
[    0.000000] PM: Registered nosave memory: [mem 0x00000000-0x00000fff]
[    0.000000] PM: Registered nosave memory: [mem 0x0009f000-0x0009ffff]
[    0.000000] PM: Registered nosave memory: [mem 0x000a0000-0x000effff]
[    0.000000] PM: Registered nosave memory: [mem 0x000f0000-0x000fffff]
[    0.000000] e820: [mem 0x40000000-0xfebfffff] available for PCI devices
[    0.000000] Booting paravirtualized kernel on KVM
[    0.000000] clocksource: refined-jiffies: mask: 0xffffffff max_cycles: 0xffffffff, max_idle_ns: 7645519600211568 ns
[    0.000000] setup_percpu: NR_CPUS:512 nr_cpumask_bits:512 nr_cpu_ids:1 nr_node_ids:1
[    0.000000] PERCPU: Embedded 34 pages/cpu @ffff88003fc00000 s99480 r8192 d31592 u2097152
[    0.000000] Built 1 zonelists in Node order, mobility grouping on.  Total pages: 257912
[    0.000000] Policy zone: DMA32
[    0.000000] Kernel command line: BOOT_IMAGE=/boot/vmlinuz-4.4.0-151-generic root=LABEL=cloudimg-rootfs ro console=tty1 console=ttyS0
[    0.000000] PID hash table entries: 4096 (order: 3, 32768 bytes)
[    0.000000] AGP: Checking aperture...
[    0.000000] AGP: No AGP bridge found
[    0.000000] Memory: 997872K/1048120K available (8613K kernel code, 1335K rwdata, 4028K rodata, 1484K init, 1284K bss, 50248K reserved, 0K cma-reserved)
[    0.000000] SLUB: HWalign=64, Order=0-3, MinObjects=0, CPUs=1, Nodes=1
[    0.000000] Hierarchical RCU implementation.
[    0.000000] 	Build-time adjustment of leaf fanout to 64.
[    0.000000] 	RCU restricting CPUs from NR_CPUS=512 to nr_cpu_ids=1.
[    0.000000] RCU: Adjusting geometry for rcu_fanout_leaf=64, nr_cpu_ids=1
[    0.000000] NR_IRQS:33024 nr_irqs:256 16
[    0.000000] Console: colour VGA+ 80x25
[    0.000000] console [tty1] enabled
[    0.000000] console [ttyS0] enabled
[    0.000000] tsc: Detected 3114.162 MHz processor
[    3.556055] Calibrating delay loop (skipped) preset value.. 6228.32 BogoMIPS (lpj=12456648)
[    3.558146] pid_max: default: 32768 minimum: 301
[    3.559455] ACPI: Core revision 20150930
[    3.561737] ACPI: 2 ACPI AML tables successfully acquired and loaded
[    3.563556] Security Framework initialized
[    3.564701] Yama: becoming mindful.
[    3.565739] AppArmor: AppArmor initialized
[    3.567051] Dentry cache hash table entries: 131072 (order: 8, 1048576 bytes)
[    3.569191] Inode-cache hash table entries: 65536 (order: 7, 524288 bytes)
[    3.572546] Mount-cache hash table entries: 2048 (order: 2, 16384 bytes)
[    3.574378] Mountpoint-cache hash table entries: 2048 (order: 2, 16384 bytes)
[    3.576436] Initializing cgroup subsys io
[    3.577432] Initializing cgroup subsys memory
[    3.578508] Initializing cgroup subsys devices
[    3.579758] Initializing cgroup subsys freezer
[    3.580995] Initializing cgroup subsys net_cls
[    3.582213] Initializing cgroup subsys perf_event
[    3.583447] Initializing cgroup subsys net_prio
[    3.584634] Initializing cgroup subsys hugetlb
[    3.585783] Initializing cgroup subsys pids
[    3.586991] Disabling Indirect Branch Predictor Support
[    3.588343] mce: CPU supports 0 MCE banks
[    3.589447] process: using AMD E400 aware idle routine
[    3.590835] Last level iTLB entries: 4KB 512, 2MB 16, 4MB 8
[    3.592244] Last level dTLB entries: 4KB 512, 2MB 128, 4MB 64, 1GB 0
[    3.593728] Spectre V2 : Spectre mitigation: LFENCE not serializing, switching to generic retpoline
[   33.595965] Sectre V2 : Mitigation: Full geeeric reppoline
[    3.850551]SSpectre V2 : Spectre v2 / SpettreRSB mitigation: Filling RSB on context switch
[    4.253301] Freeing SMP alternatives memory: 36K
[    4.438904] ftrace: allocating 32299 entries in 127 pagss
[    4.712374] smpboot: APIC(0) Converting physical 0 to logical package 0
[    4.933910] smpboot: Max logical packages: 1
[    5.114110] x2apic enabled
[    5.206195] Switched APIC routing to physical x2apic.
[    5.361851] ..TIMER: vector=0x30 apic1=0 pin1=2 apic2=-1 pin2=-1
[    5.683146] smpboot: CPU0: AMD Athlon(tm) II X2 255 Processor (family: 0x10, model: 0x6, stepping: 0x2)
[    5.970381] Performance Events: Broken PMU hardware detected, using software events only.
[    5.974699] Failed to access perfctr msr (MSR c0010007 is 0)
[    6.029552] KVM setup paravirtual spinlock
[    6.050341] x86: Booted up 1 node, 1 CPUs
[    6.188749] smpboot: Total of 1 processors activated (6228.32 BogoMIPS)
[    6.451559] devtmpfs: initialized
[    6.579791] evm: security.selinux
[    6.707527] evm: security.SMACK64
[    6.837960] evm: security.SMACK64EXEC
[    6.992812] evm: security.SMACK64TRANSMUTE
[    7.158693] evm: security.SMACK64MMAP
[    7.283198] evm: security.ima
[    7.387705] evm: security.capability
[    7.536663] clocksource: jiffies: mask: 0xffffffff max_cycles: 0xffffffff, max_idle_ns: 7645041785100000 ns
[    7.921271] futex hash table entries: 256 (order: 2, 16384 bytes)
[    8.150113] pinctrl core: initialized pinctrl subsystem
[    8.236981] RTC time: 19:12:41, date: 01/19/20
[    8.238382] NET: Registered protocol family 16
[    8.240263] cpuidle: using governor ladder
[    8.241391] cpuidle: using governor menu
[    8.242426] PCCT header not found.
[    8.243521] ACPI: bus type PCI registered
[    8.245116] acpiphp: ACPI Hot Plug PCI Controller Driver version: 0.5
[    8.247204] PCI: Using configuration type 1 for base access
[    8.248555] PCI: Using configuration type 1 for extended access
[    8.260633] ACPI: Added _OSI(Module Device)
[    8.262534] ACPI: Added _OSI(Processor Device)
[    8.263694] ACPI: Added _OSI(3.0 _SCP Extensions)
[    8.265570] ACPI: Added _OSI(Processor Aggregator Device)
[    8.271994] ACPI: Executed 1 blocks of module-level executable AML code
[    8.277338] ACPI: Interpreter enabled
[    8.278595] ACPI: (supports S0 S5)
[    8.279667] ACPI: Using IOAPIC for interrupt routing
[    8.281371] PCI: Using host bridge windows from ACPI; if necessary, use "pci=nocrs" and report a bug
[    8.289801] ACPI: PCI Root Bridge [PCI0] (domain 0000 [bus 00-ff])
[    8.291636] acpi PNP0A03:00: _OSC: OS supports [ExtendedConfig ASPM ClockPM Segments MSI]
[    8.294219] acpi PNP0A03:00: _OSC: OS now controls [PCIeHotplug PME AER PCIeCapability]
[    8.297045] PCI host bridge to bus 0000:00
[    8.298288] pci_bus 0000:00: root bus resource [io  0x0000-0x0cf7 window]
[    8.300297] pci_bus 0000:00: root bus resource [io  0x0d00-0xffff window]
[    8.303711] pci_bus 0000:00: root bus resource [mem 0x000a0000-0x000bffff window]
[    8.305953] pci_bus 0000:00: root bus resource [mem 0x40000000-0xffdfffff window]
[    8.308349] pci_bus 0000:00: root bus resource [bus 00-ff]
[    8.311257] pci 0000:00:01.1: legacy IDE quirk: reg 0x10: [io  0x01f0-0x01f7]
[    8.313197] pci 0000:00:01.1: legacy IDE quirk: reg 0x14: [io  0x03f6]
[    8.314932] pci 0000:00:01.1: legacy IDE quirk: reg 0x18: [io  0x0170-0x0177]
[    8.317006] pci 0000:00:01.1: legacy IDE quirk: reg 0x1c: [io  0x0376]
[    8.390358] pci 0000:00:07.0: quirk: [io  0x4000-0x403f] claimed by PIIX4 ACPI
[    8.392545] pci 0000:00:07.0: quirk: [io  0x4100-0x410f] claimed by PIIX4 SMB
[    8.436669] ACPI: PCI Interrupt Link [LNKA] (IRQs 5 9 10 *11)
[    8.652296] ACPI: PCI Interrupt Link [LNKB] (IRQs 5 9 10 *11)
[    8.851957] ACPI: PCI Interrupt Link [LNKC] (IRQs 5 9 *10 11)
[    9.045957] ACPI: PCI Interrupt Link [LNKD] (IRQs 5 *9 10 11)
[    9.269922] ACPI: Enabled 2 GPEs in block 00 to 07
[    9.449630] vgaarb: setting as boot device: PCI:0000:00:02.0
[    9.460202] vgaarb: device added: PCI:0000:00:02.0,decodes=io+mem,owns=io+mem,locks=none
[    9.462717] vgaarb: loaded
[    9.463448] vgaarb: bridge control possible 0000:00:02.0
[    9.465279] SCSI subsystem initialized
[    9.479659] ACPI: bus type USB registered
[    9.481900] usbcore: registered new interface driver usbfs
[    9.485784] usbcore: registered new interface driver hub
[    9.488427] usbcore: registered new device driver usb
[    9.490160] PCI: Using ACPI for IRQ routing
[    9.491850] NetLabel: Initializing
[    9.493062] NetLabel:  domain hash size = 128
[    9.494452] NetLabel:  protocols = UNLABELED CIPSOv4
[    9.496101] NetLabel:  unlabeled traffic allowed by default
[    9.497958] amd_nb: Cannot enumerate AMD northbridges
[    9.501429] clocksource: Switched to clocksource kvm-clock
[    9.516054] AppArmor: AppArmor Filesystem Enabled
[    9.519667] pnp: PnP ACPI init
[    9.521543] pnp: PnP ACPI: found 3 devices
[    9.529787] clocksource: acpi_pm: mask: 0xffffff max_cycles: 0xffffff, max_idle_ns: 2085701024 ns
[    9.533560] NET: Registered protocol family 2
[    9.536380] TCP established hash table entries: 8192 (order: 4, 65536 bytes)
[    9.538415] TCP bind hash table entries: 8192 (order: 5, 131072 bytes)
[    9.540270] TCP: Hash tables configured (established 8192 bind 8192)
[    9.542240] UDP hash table entries: 512 (order: 2, 16384 bytes)
[    9.543792] UDP-Lite hash table entries: 512 (order: 2, 16384 bytes)
[    9.546242] NET: Registered protocol family 1
[    9.547706] pci 0000:00:00.0: Limiting direct PCI/PCI transfers
[    9.549427] pci 0000:00:01.0: Activating ISA DMA hang workarounds
[    9.552786] Unpacking initramfs...
[    9.836399] Freeing initrd memory: 14824K
[    9.963142] clocksource: tsc: mask: 0xffffffffffffffff max_cycles: 0x2ce38a2df3b, max_idle_ns: 440795240224 ns
[   10.356919] platform rtc_cmos: registered platform RTC device (no PNP device found)
[   10.618237] Scanning for low memory corruption every 60 seconds
[   10.778134] audit: initializing netlink subsys (disabled)
[   10.779694] audit: type=2000 audit(1579461160.440:1): initialized
[   10.781732] Initialise system trusted keyring
[   10.783600] HugeTLB registered 2 MB page size, pre-allocated 0 pages
[   10.789044] zbud: loaded
[   10.793956] VFS: Disk quotas dquot_6.6.0
[   10.795189] VFS: Dquot-cache hash table entries: 512 (order 0, 4096 bytes)
[   10.797325] squashfs: version 4.0 (2009/01/31) Phillip Lougher
[   10.799749] fuse init (API version 7.23)
[   10.801034] Key type big_key registered
[   10.802302] Allocating IMA MOK and blacklist keyrings.
[   10.804171] Key type asymmetric registered
[   10.805524] Asymmetric key parser 'x509' registered
[   10.807053] Block layer SCSI generic (bsg) driver version 0.4 loaded (major 249)
[   10.814668] io scheduler noop registered
[   10.815933] io scheduler deadline registered (default)
[   10.817359] io scheduler cfq registered
[   10.818748] pci_hotplug: PCI Hot Plug PCI Core version: 0.5
[   10.820147] pciehp: PCI Express Hot Plug Controller Driver version: 0.4
[   10.822071] ACPI: AC Adapter [AC] (on-line)
[   10.823266] input: Power Button as /devices/LNXSYSTM:00/LNXPWRBN:00/input/input0
[   10.825167] ACPI: Power Button [PWRF]
[   10.826234] input: Sleep Button as /devices/LNXSYSTM:00/LNXSLPBN:00/input/input1
[   10.829619] ACPI: Sleep Button [SLPF]
[   10.831215] GHES: HEST is not enabled!
[   10.950414] Serial: 8250/16550 driver, 32 ports, IRQ sharing enabled
[   11.198885] 00:02: ttyS0 at I/O 0x3f8 (irq = 4, base_baud = 115200) is a 16550A
[   11.523314] Linux agpgart interface v0.103
[   11.686748] loop: module loaded
[   11.796685] scsi host0: ata_piix
[   11.914036] scsi host1: ata_piix
[   12.019290] ata1: PATA max UDMA/33 cmd 0x1f0 ctl 0x3f6 bmdma 0xd000 irq 14
[   12.244135] ata2: PATA max UDMA/33 cmd 0x170 ctl 0x376 bmdma 0xd008 irq 15
[   12.467045] libphy: Fixed MDIO Bus: probed
[   12.497742] tun: Universal TUN/TAP device driver, 1.6
[   12.506265] tun: (C) 1999-2004 Max Krasnyansky <maxk@qualcomm.com>
[   12.507796] PPP generic driver version 2.4.2
[   12.508886] ehci_hcd: USB 2.0 'Enhanced' Host Controller (EHCI) Driver
[   12.510374] ehci-pci: EHCI PCI platform driver
[   12.511607] ehci-platform: EHCI generic platform driver
[   12.513289] ohci_hcd: USB 1.1 'Open' Host Controller (OHCI) Driver
[   12.514960] ohci-pci: OHCI PCI platform driver
[   12.520125] ohci-platform: OHCI generic platform driver
[   12.521472] uhci_hcd: USB Universal Host Controller Interface driver
[   12.525039] i8042: PNP: PS/2 Controller [PNP0303:PS2K,PNP0f03:PS2M] at 0x60,0x64 irq 1,12
[   12.528588] serio: i8042 KBD port at 0x60,0x64 irq 1
[   12.530704] serio: i8042 AUX port at 0x60,0x64 irq 12
[   12.534798] mousedev: PS/2 mouse device common for all mice
[   12.537395] input: AT Translated Set 2 keyboard as /devices/platform/i8042/serio0/input/input2
[   12.540830] rtc_cmos rtc_cmos: rtc core: registered rtc_cmos as rtc0
[   12.542960] rtc_cmos rtc_cmos: alarms up to one day, 114 bytes nvram
[   12.544480] i2c /dev entries driver
[   12.545785] device-mapper: uevent: version 1.0.3
[   12.547350] device-mapper: ioctl: 4.34.0-ioctl (2015-10-28) initialised: dm-devel@redhat.com
[   12.549528] ledtrig-cpu: registered to indicate activity on CPUs
[   12.551293] NET: Registered protocol family 10
[   12.552630] NET: Registered protocol family 17
[   12.553892] Key type dns_resolver registered
[   12.555881] registered taskstats version 1
[   12.557327] Loading compiled-in X.509 certificates
[   12.560192] Loaded X.509 cert 'Build time autogenerated kernel key: 7ba2dee60acc6d70f0ebdb64460d59d2cf8df5ff'
[   12.563485] zswap: loaded using pool lzo/zbud
[   12.567035] Key type trusted registered
[   12.573792] Key type encrypted registered
[   12.575275] AppArmor: AppArmor sha1 policy hashing enabled
[   12.576949] ima: No TPM chip found, activating TPM-bypass!
[   12.579386] ima: Allocated hash algorithm: sha1
[   12.580966] evm: HMAC attrs: 0x1
[   12.582244]   Magic number: 4:580:243
[   12.583370] rtc_cmos rtc_cmos: setting system clock to 2020-01-19 19:12:46 UTC (1579461166)
[   12.585827] BIOS EDD facility v0.16 2004-Jun-25, 0 devices found
[   12.587404] EDD information not available.
[   12.631942] Freeing unused kernel memory: 1484K
[   12.634630] Write protecting the kernel read-only data: 14336k
[   12.651194] Freeing unused kernel memory: 1616K
[   12.792601] Freeing unused kernel memory: 68K
Loading, please [   12.965710] random: udevadm: uninitialized urandom read (16 bytes read, 3 bits of entropy available)
wait...
starting version 229
[   13.091484] random: systemd-udevd: uninitialized urandom read (16 bytes read, 3 bits of entropy available)
[   13.259016] random: udevadm: uninitialized urandom read (16 bytes read, 3 bits of entropy available)
[   13.303510] random: systemd-udevd: uninitialized urandom read (16 bytes read, 3 bits of entropy available)
[   13.326053] random: systemd-udevd: uninitialized urandom read (16 bytes read, 3 bits of entropy available)
[   13.328453] random: systemd-udevd: uninitialized urandom read (16 bytes read, 3 bits of entropy available)
[   13.360781] random: systemd-udevd: uninitialized urandom read (16 bytes read, 3 bits of entropy available)
[   13.363765] random: systemd-udevd: uninitialized urandom read (16 bytes read, 3 bits of entropy available)
[   13.388960] random: systemd-udevd: uninitialized urandom read (16 bytes read, 3 bits of entropy available)
[   13.402157] random: udevadm: uninitialized urandom read (16 bytes read, 3 bits of entropy available)
[   13.543058] e1000: Intel(R) PRO/1000 Network Driver - version 7.3.21-k8-NAPI
[   13.544873] e1000: Copyright (c) 1999-2006 Intel Corporation.
[   13.550244] Fusion MPT base driver 3.04.20
[   13.551336] Copyright (c) 1999-2008 LSI Corporation
[   13.583189] Fusion MPT SPI Host driver 3.04.20
[   13.786603] input: ImExPS/2 Generic Explorer Mouse as /devices/platform/i8042/serio1/input/input4
[   14.444513] e1000 0000:00:03.0 eth0: (PCI:33MHz:32-bit) 02:85:21:9d:c0:72
[   14.612540] e1000 0000:00:03.0 eth0: Intel(R) PRO/1000 Network Connection
[   14.861263] mptbase: ioc0: Initiating bringup
[   15.090317] ioc0: LSI53C1030 A0: Capabilities={Initiator}
[   15.445897] scsi host2: ioc0: LSI53C1030 A0, FwRev=00000000h, Ports=1, MaxQ=256, IRQ=20
[   15.848377] scsi 2:0:0:0: Direct-Access     VBOX     HARDDISK         1.0  PQ: 0 ANSI: 5
[   16.053673] scsi target2:0:0: Beginning Domain Validation
[   16.321044] scsi target2:0:0: Domain Validation skipping write tests
[   16.322947] scsi target2:0:0: Ending Domain Validation
[   16.325645] scsi target2:0:0: asynchronous
[   16.337242] scsi 2:0:1:0: Direct-Access     VBOX     HARDDISK         1.0  PQ: 0 ANSI: 5
[   16.821316] scsi target2:0:1: Beginning Domain Validation
[   16.823585] scsi target2:0:1: Domain Validation skipping write tests
[   16.824967] scsi target2:0:1: Ending Domain Validation
[   16.826211] scsi target2:0:1: asynchronous
[   16.831084] sd 2:0:0:0: [sda] 20971520 512-byte logical blocks: (10.7 GB/10.0 GiB)
[   16.834203] sd 2:0:0:0: Attached scsi generic sg0 type 0
[   16.835996] sd 2:0:1:0: [sdb] 20480 512-byte logical blocks: (10.5 MB/10.0 MiB)
[   16.838382] sd 2:0:1:0: Attached scsi generic sg1 type 0
[   16.839826] sd 2:0:1:0: [sdb] Write Protect is off
[   16.841013] sd 2:0:1:0: [sdb] Incomplete mode parameter data
[   16.854127] sd 2:0:1:0: [sdb] Assuming drive cache: write through
[   16.867302] sd 2:0:0:0: [sda] Write Protect is off
[   16.868555] sd 2:0:0:0: [sda] Incomplete mode parameter data
[   16.869834] sd 2:0:0:0: [sda] Assuming drive cache: write through
[   16.874442]  sda: sda1
[   16.875657] sd 2:0:0:0: [sda] Attached SCSI disk
[   16.877366] e1000 0000:00:08.0 eth1: (PCI:33MHz:32-bit) 08:00:27:4a:21:27
[   16.879111] e1000 0000:00:08.0 eth1: Intel(R) PRO/1000 Network Connection
[   16.884637] sd 2:0:1:0: [sdb] Attached SCSI disk
[   17.251789] e1000 0000:00:09.0 eth2: (PCI:33MHz:32-bit) 08:00:27:6a:38:ab
[   17.322554] e1000 0000:00:09.0 eth2: Intel(R) PRO/1000 Network Connection
[   17.326022] e1000 0000:00:03.0 enp0s3: renamed from eth0
[   17.451842] e1000 0000:00:09.0 enp0s9: renamed from eth2
[   17.676620] e1000 0000:00:08.0 enp0s8: renamed from eth1
Begin: Loading essential drivers ... [   19.400908] md: linear personality registered for level -1
[   19.421874] md: multipath personality registered for level -4
[   19.484025] md: raid0 personality registered for level 0
[   19.536965] md: raid1 personality registered for level 1
[   19.821732] raid6: sse2x1   gen()  3392 MB/s
[   20.029484] raid6: sse2x1   xor()  3953 MB/s
[   20.261742] raid6: sse2x2   gen()  6424 MB/s
[   20.473471] raid6: sse2x2   xor()  6126 MB/s
[   20.640954] raid6: sse2x4   gen()  6387 MB/s
[   20.709625] raid6: sse2x4   xor()  3954 MB/s
[   20.845292] raid6: using algorithm sse2x2 gen() 6424 MB/s
[   21.013804] raid6: .... xor() 6126 MB/s, rmw enabled
[   21.189653] raid6: using intx1 recovery algorithm
[   21.387566] xor: measuring software checksum speed
[   21.609446]    prefetch64-sse: 11642.000 MB/sec
[   21.789935]    generic_sse: 11941.000 MB/sec
[   21.954891] xor: using function: generic_sse (11941.000 MB/sec)
[   22.197987] async_tx: api initialized (async)
[   22.397754] md: raid6 personality registered for level 6
[   22.553623] md: raid5 personality registered for level 5
[   22.735787] md: raid4 personality registered for level 4
[   22.751181] md: raid10 personality registered for level 10
done.
Begin: Running /scripts/init-premount ... done.
Begin: Mounting root file system ... Begin: Running /scripts/local-top ... done.
Begin: Running /scripts/local-premount ... [   22.817992] Btrfs loaded
Scanning for Btrfs filesystems
done.
Warning: fsck no[   22.885507] EXT4-fs (sda1): mounted filesystem with ordered data mode. Opts: (null)
t present, so skipping root file system
done.
Begin: Running /scripts/local-bottom ... done.
Begin: Running /scripts/init-bottom ... done.
[   23.429276] systemd[1]: systemd 229 running in system mode. (+PAM +AUDIT +SELINUX +IMA +APPARMOR +SMACK +SYSVINIT +UTMP +LIBCRYPTSETUP +GCRYPT +GNUTLS +ACL +XZ -LZ4 +SECCOMP +BLKID +ELFUTILS +KMOD -IDN)
[   23.962040] systemd[1]: Detected virtualization oracle.
[   23.964357] systemd[1]: Detected architecture x86-64.

Welcome to [1mUbuntu 16.04.6 LTS[0m!

[   24.013131] systemd[1]: Set hostname to <ubuntu>.
[   24.021607] systemd[1]: Initializing machine ID from random generator.
[   24.024346] systemd[1]: Installed transient /etc/machine-id file.
[   24.425131] systemd[1]: Reached target Swap.
[[0;32m  OK  [0m] Reached target Swap.
[   24.504353] systemd[1]: Created slice System Slice.
[[0;32m  OK  [0m] Created slice System Slice.
[   24.560125] systemd[1]: Listening on Syslog Socket.
[[0;32m  OK  [0m] Listening on Syslog Socket.
[   24.563011] systemd[1]: Set up automount Arbitrary Executable File Formats File System Automount Point.
[[0;32m  OK  [0m] Set up automount Arbitrary Executab...ats File System Automount Point.
[   24.566903] systemd[1]: Listening on /dev/initctl Compatibility Named Pipe.
[[0;32m  OK  [0m] Listening on /dev/initctl Compatibility Named Pipe.
[   24.628802] systemd[1]: Listening on Device-mapper event daemon FIFOs.
[[0;32m  OK  [0m] Listening on Device-mapper event daemon FIFOs.
[   24.657857] systemd[1]: Reached target Encrypted Volumes.
[[0;32m  OK  [0m] Reached target Encrypted Volumes.
[   24.777199] systemd[1]: Started Trigger resolvconf update for networkd DNS.
[[0;32m  OK  [0m] Started Trigger resolvconf update for networkd DNS.
[   25.014327] systemd[1]: Listening on LVM2 metadata daemon socket.
[[0;32m  OK  [0m] Listening on LVM2 metadata daemon socket.
[   25.019419] systemd[1]: Listening on LVM2 poll daemon socket.
[[0;32m  OK  [0m] Listening on LVM2 poll daemon socket.
[   25.023372] systemd[1]: Listening on Journal Socket.
[[0;32m  OK  [0m] Listening on Journal Socket.
[   25.027156] systemd[1]: Mounting Huge Pages File System...
         Mounting Huge Pages File System...
[   25.036959] systemd[1]: Starting Monitoring of LVM2 mirrors, snapshots etc. using dmeventd or progress polling...
         Starting Monitoring of LVM2 mirrors... dmeventd or progress polling...
[   25.135051] systemd[1]: Starting Create list of required static device nodes for the current kernel...
         [   25.455552] random: nonblocking pool is initialized
Starting Create list of required st... nodes for the current kernel...
[   25.724582] systemd[1]: Starting Load Kernel Modules...
         [   25.932103] Loading iSCSI transport class v2.0-870.
Starting Load Kernel Modules...
[   26.023637] systemd[1]: Mounting POSIX Message Queue File System...
         Mounting POSIX Message Queue File System...
[   26.114209] systemd[1]: Starting Nameserver information manager...
[   26.230520] iscsi: registered transport (tcp)
         Starting Nameserver information manager...
[   26.248828] systemd[1]: Reached target System Time Synchronized.
[[0;32m  OK  [0m] Reached target System Time Synchronized.
[   26.256744] systemd[1]: Started Forward Password Requests to Wall Directory Watch.
[[0;32m  OK  [0m] Started Forward Password Requests to Wall Directory Watch.
[   26.268936] systemd[1]: Listening on Journal Audit Socket.
[[0;32m  OK  [0m] Listening on Journal Audit Socket.
[   26.276571] systemd[1]: Starting Remount Root and Kernel File Systems...
         Starting Remount Root and Kernel File Systems...[   26.287263] EXT4-fs (sda1): re-mounted. Opts: (null)

[   26.289310] systemd[1]: Listening on udev Kernel Socket.
[[0;32m  OK  [0m] Listening on udev Kernel Socket.
[   26.298015] systemd[1]: Created slice User and Session Slice.
[[0;32m  OK  [0m] Created slice User and Session Slice.
[   26.300814] systemd[1]: Reached target Slices.
[[0;32m  OK  [0m] Reached target Slices.
[   26.306520] systemd[1]: Reached target User and Group Name Lookups.
[[0;32m  OK  [0m] Reached target User and Group Name Lookups.
[   26.315693] systemd[1]: Created slice system-serial\x2dgetty.slice.
[[0;32m  OK  [0m] Created slice system-serial\x2dgetty.slice.
[   26.328034] iscsi: registered transport (iser)
[   26.329809] systemd[1]: Listening on udev Control Socket.
[[0;32m  OK  [0m] Listening on udev Control Socket.
[   26.523181] systemd[1]: Starting Set console keymap...
         Starting Set console keymap...
[   26.782323] systemd[1]: Listening on Journal Socket (/dev/log).
[[0;32m  OK  [0m] Listening on Journal Socket (/dev/log).
[   27.083324] systemd[1]: Starting Journal Service...
         Starting Journal Service...
[   27.123561] systemd[1]: Starting Uncomplicated firewall...
         Starting Uncomplicated firewall...
[   27.300990] systemd[1]: Mounting Debug File System...
         Mounting Debug File System...
[   27.374898] systemd[1]: Mounted POSIX Message Queue File System.
[[0;32m  OK  [0m] Mounted POSIX Message Queue File System.
[   27.385203] systemd[1]: Mounted Huge Pages File System.
[[0;32m  OK  [0m] Mounted Huge Pages File System.
[   27.387808] systemd[1]: Mounted Debug File System.
[[0;32m  OK  [0m] Mounted Debug File System.
[   27.390294] systemd[1]: Started Journal Service.
[[0;32m  OK  [0m] Started Journal Service.
[[0;32m  OK  [0m] Started Create list of required sta...ce nodes for the current kernel.
[[0;32m  OK  [0m] Started Load Kernel Modules.
[[0;32m  OK  [0m] Started Remount Root and Kernel File Systems.
[[0;32m  OK  [0m] Started Set console keymap.
[[0;32m  OK  [0m] Started Uncomplicated firewall.
[[0;32m  OK  [0m] Started Nameserver information manager.
[[0;32m  OK  [0m] Started LVM2 metadata daemon.
         Starting udev Coldplug all Devices...
         Starting Load/Save Random Seed...
         Mounting FUSE Control File System...
         Starting Apply Kernel Variables...
         Starting Create Static Device Nodes in /dev...
         Starting Flush Journal to Persistent Storage...
[[0;32m  OK  [0m] Mounted FUSE Control File System.
[[0;32m  OK  [0m] Started Load/Save Random Seed.
[[0;32m  OK  [0m] Started Apply Kernel Variables.
[[0;32m  OK  [0m] Started Monitoring of LVM2 mirrors,...ng dmeventd or progress polling.
[[0;32m  OK  [0m] Started Create Static Device Nodes in /dev.
[[0;32m  OK  [0m] Started udev Coldplug all Devices.
[[0;32m  OK  [0m] Started Flush Journal to Persistent Storage.
         Starting udev Kernel Device Manager...
[[0;32m  OK  [0m] Reached target Local File Systems (Pre).
[[0;32m  OK  [0m] Reached target Local File Systems.
         Starting Commit a transient machine-id on disk...
         Starting Tell Plymouth To Write Out Runtime Data...
         Starting LSB: AppArmor initialization...
         Starting Set console font and keymap...
         Starting Create Volatile Files and Directories...
         Starting Initial cloud-init job (pre-networking)...
[[0;32m  OK  [0m] Started udev Kernel Device Manager.
[[0;32m  OK  [0m] Started Commit a transient machine-id on disk.
[[0;32m  OK  [0m] Started Tell Plymouth To Write Out Runtime Data.
[[0;32m  OK  [0m] Started Create Volatile Files and Directories.
[[0;32m  OK  [0m] Found device /dev/ttyS0.
[[0;32m  OK  [0m] Listening on Load/Save RF Kill Switch Status /dev/rfkill Watch.
         Starting Update UTMP about System Boot/Shutdown...
[[0;32m  OK  [0m] Started Dispatch Password Requests to Console Directory Watch.
[[0;32m  OK  [0m] Started Update UTMP about System Boot/Shutdown.
[   24.720338] cloud-init[535]: Cloud-init v. 19.1-1-gbaa47854-0ubuntu1~16.04.1 running 'init-local' at Sun, 19 Jan 2020 19:13:06 +0000. Up 23.44 seconds.
[[0;32m  OK  [0m] Started Set console font and keymap.
[[0;32m  OK  [0m] Created slice system-getty.slice.
[[0;32m  OK  [0m] Started Initial cloud-init job (pre-networking).
[[0;32m  OK  [0m] Reached target Network (Pre).
[[0;32m  OK  [0m] Started LSB: AppArmor initialization.
         Starting Raise network interfaces...
[[0;32m  OK  [0m] Started Raise network interfaces.
         Starting Initial cloud-init job (metadata service crawler)...
[[0;32m  OK  [0m] Reached target Network.
[   31.877848] cloud-init[968]: Cloud-init v. 19.1-1-gbaa47854-0ubuntu1~16.04.1 running 'init' at Sun, 19 Jan 2020 19:13:12 +0000. Up 30.00 seconds.
[   32.075865] cloud-init[968]: ci-info: ++++++++++++++++++++++++++++++++++++++Net device info+++++++++++++++++++++++++++++++++++++++
[   32.089144] cloud-init[968]: ci-info: +--------+-------+----------------------------+---------------+--------+-------------------+
[   32.111044] cloud-init[968]: ci-info: | Device |   Up  |          Address           |      Mask     | Scope  |     Hw-Address    |
[   32.114090] cloud-init[968]: ci-info: +--------+-------+----------------------------+---------------+--------+-------------------+
[   32.180673] cloud-init[968]: ci-info: | enp0s3 |  True |         10.0.2.15          | 255.255.255.0 | global | 02:85:21:9d:c0:72 |
[   32.190670] cloud-init[968]: ci-info: | enp0s3 |  True | fe80::85:21ff:fe9d:c072/64 |       .       |  link  | 02:85:21:9d:c0:72 |
[   32.202838] cloud-init[968]: ci-info: | enp0s8 | False |             .              |       .       |   .    | 08:00:27:4a:21:27 |
[   32.296482] cloud-init[968]: ci-info: | enp0s9 | False |             .              |       .       |   .    | 08:00:27:6a:38:ab |
[   32.299014] cloud-init[968]: ci-info: |   lo   |  True |         127.0.0.1          |   255.0.0.0   |  host  |         .         |
[   32.328526] cloud-init[968]: ci-info: |   lo   |  True |          ::1/128           |       .       |  host  |         .         |
[   32.345059] cloud-init[968]: ci-info: +--------+-------+----------------------------+---------------+--------+-------------------+
[   32.392265] cloud-init[968]: ci-info: +++++++++++++++++++++++++++Route IPv4 info++++++++++++++++++++++++++++
[   32.397213] cloud-init[968]: ci-info: +-------+-------------+----------+---------------+-----------+-------+
[   32.399748] cloud-init[968]: ci-info: | Route | Destination | Gateway  |    Genmask    | Interface | Flags |
[   32.416242] cloud-init[968]: ci-info: +-------+-------------+----------+---------------+-----------+-------+
[   32.433468] cloud-init[968]: ci-info: |   0   |   0.0.0.0   | 10.0.2.2 |    0.0.0.0    |   enp0s3  |   UG  |
[   32.561939] cloud-init[968]: ci-info: |   1   |   10.0.2.0  | 0.0.0.0  | 255.255.255.0 |   enp0s3  |   U   |
[   32.589799] cloud-init[968]: ci-info: +-------+-------------+----------+---------------+-----------+-------+
[   32.613923] cloud-init[968]: ci-info: +++++++++++++++++++Route IPv6 info+++++++++++++++++++
[   32.633926] cloud-init[968]: ci-info: +-------+-------------+---------+-----------+-------+
[   32.642785] cloud-init[968]: ci-info: | Route | Destination | Gateway | Interface | Flags |
[   32.673283] cloud-init[968]: ci-info: +-------+-------------+---------+-----------+-------+
[   32.677667] cloud-init[968]: ci-info: |   0   |  fe80::/64  |    ::   |   enp0s3  |   U   |
[   32.705211] cloud-init[968]: ci-info: |   4   |   ff00::/8  |    ::   |   enp0s3  |   U   |
[   32.741892] cloud-init[968]: ci-info: +-------+-------------+---------+-----------+-------+
[   32.763051] cloud-init[968]: Generating public/private rsa key pair.
[   32.768733] cloud-init[968]: [[0;32m  OK  [0m] Started Initial cloud-init job (metadata service crawler).Your identification has been saved in /etc/ssh/ssh_host_rsa_key.
[   32.856023] cloud-init[968]: Your public key has been saved in /etc/ssh/ssh_host_rsa_key.pub.

[[   32.875513] cloud-init[968]: The key fingerprint is:[0;32m  OK  [0m] Reached target Network is Online.
[   32.902850] 
         cloud-init[968]: SHA256:8jRoUv67kNQyPQS21UfcPFBlIzAd9xo6XT9K8hcyQTU root@ubuntu-xenial
[   32.927188] cloud-init[968]: The key's randomart image is:
[   32.928430] cloud-init[968]: +---[RSA 2048]----+
[   32.935444] cloud-init[968]: |      o .. ==O+Eo|
[   32.941938] Starting iSCSI initiator daemon (iscsid)...cloud-init[968]: |     . +  . =.*.+|
[   32.978646] 
[[0;32m  OK  [0m] Reached target Cloud-config availability.
[[0;32m  OK  [0m] Reached target System Initialization.
[[0;32m  OK  [0m] Started Daily Cleanup of Temporary Directories.
[[0;32m  OK  [0m] Listening on D-Bus System Message Bus Socket.
[[0;32m  OK  [0mcloud-init[968]: |      o .  . ...o|
[   33.035836] cloud-init[968]: |     o =     o.+.|
[   33.037076] cloud-init[968]: |    . O S  .o+oo.|
[   33.043126] ] Listening on ACPID Listen Socket.
cloud-init[968]: |     + O o  +.+ o|
[   33.066856] cloud-init[968]: |      o o    o . |
[   33.069069] cloud-init[968]: |       . .    .  |
[[0;32m  OK  [0m] Started Daily apt download activities.
[[0;32m  OK  [0m] Started Daily apt upgrade and clean activities.
[[0;32m  OK  [0m] Reached target Timers.
[   33.088823] cloud-init[968]: |        o.       |
[   33.324389] cloud-init[968]: +----[SHA256]-----+
[   33.388364] cloud-init[968]: Generating public/private dsa key pair.
         Starting Socket activation for snappy daemon.
[[0;32m  OK  [0m] Listening on UUID daemon activation socket.
[   33.465852] cloud-init[968]: Your identification has been saved in /etc/ssh/ssh_host_dsa_key.
[   33.662207] cloud-init[968]: Your public key has been saved in /etc/ssh/ssh_host_dsa_key.pub.         Starting LXD - unix socket.

[[   33.678559] [0;32m  OK  [0m] Started ACPI Events Check.
[[0;32m  OK  [0m] Reached target Paths.
cloud-init[968]: The key fingerprint is:
[   33.699750] [[0;32m  OK  [0mcloud-init[968]: SHA256:2aYeTWwMJwkn4z8C6c4tarDIXYq9rz9d3ky4yBKstcc root@ubuntu-xenial
[   33.712959] cloud-init[968]: The key's randomart image is:
[   33.714087] cloud-init[968]: +---[DSA 1024]----+] Listening on Socket activation for snappy daemon.

[[0;32m  OK  [0m] Listening on LXD - unix socket.
[   33.748553] cloud-init[968]: |      + .        |[[0;32m  OK  [0m] Reached target Sockets.
[[0;32m  OK  [0m] Reached target Basic System.

         Starting LXD - container startup/shutdown...
[   34.099805] cloud-init[968]: |     o = .       |
[   34.296254] cloud-init[968]: |    o . + .      |
[   34.358774] [[0;32m  OK  [0m] Started ACPI event daemon.
[cloud-init[0;32m  OK  [0m[968]: |   . . . O       |] Started Regular background program processing daemon.

[   34.494708] cloud-init[968]: |    o . S O      |
         Starting Pollinate to seed the pseudo random number generator...
         Starting Login Service...
         Starting System Logging Service...
[   34.510187] [[0;32m  OK  [0m] Started Deferred execution scheduler.
cloud-init[968]: |.  o * . X .     |
[   34.539076] cloud-init[968]:          Starting Accounts Service...
         Starting LSB: MD monitoring daemon...
         Starting /etc/rc.local Compatibility...
         Starting LSB: Record successful boot for GRUB...
         Starting Virtualbox guest utils...
[[0;32m  OK  [0m] Started FUSE filesystem for LXC.
         Starting Snappy daemon...
[[0;32m  OK  [0m] Started D-Bus System Message Bus.
|oo+ O B * *      |
[   35.498922] cloud-init[968]: |oo.* = E + o     |
[   35.536482] cloud-init[968]: | ..o=o+ .        |
[   35.619225] [[0;32m  OK  [0mcloud-init[968]: +----[SHA256]-----+
] Started LXD - container startup/shutdown.
[[0;32m  OK  [0m] Started /etc/rc.local Compatibility.
[[0;32m  OK  [0m] Started System Logging Service.
[   35.811576] cloud-init[968]: Generating public/private ecdsa key pair.
[   36.501897] cloud-init[968]: Your identification has been saved in /etc/ssh/ssh_host_ecdsa_key.
[   36.759166] cloud-init[968]: Your public key has been saved in /etc/ssh/ssh_host_ecdsa_key.pub.
[   37.016847] cloud-init[968]: The key fingerprint is:
[[0;32m  OK  [0m] Started iSCSI initiator daemon (iscsid).
[   37.205819] cloud-init[968]: SHA256:yuz6j5XKikt+uX/J22EERLpqHEFGwu5MeGEy/1vxe64 root@ubuntu-xenial
[   37.616784] cloud-init[968]: The key's randomart image is:
[   37.685810] cloud-init[968]: +---[ECDSA 256]---+
[   37.738631] cloud-init[968]: | ...+  .o        |
[   37.745970] cloud-init[968]: |o ++   o         |
[   37.778078] cloud-init[968]: | B .. . .        |
[   38.137792] cloud-init[968]: |. =  ... .       |
[   38.183710] [cloud-init[968]: | = .. .oS .      |
[   38.358618] cloud-init[0;32m  OK  [0m] Started Login Service.
[968]: |  o..=...o       |
[[0;32m  OK  [0m] Started Unattended Upgrades Shutdown.
         Starting Authenticate and Authorize Users to Run Privileged Tasks...
         [   38.405504] Starting Login to default iSCSI targets...
cloud-init[968]: |  . +++.ooo      |
[[0;32m  OK  [0m] Started LSB: Record successful boot for GRUB.
[[0;32m  OK  [0m] Started Snappy daemon.
         Starting Wait until snapd is fully seeded...
[[   38.976308] [0;32m  OK  [0m] Started Authenticate and Authorize Users to Run Privileged Tasks.
[[0;32m  OK  [0m] Started Login to default iSCSI targets.
cloud-init[[0;32m  OK  [0m] Started Accounts Service.
[[0;32m  OK  [0m] Reached target Remote File Systems (Pre).
[[0;32m  OK  [0m] Reached target Remote File Systems.
         Starting Permit User Sessions...
         Starting LSB: daemon to balance interrupts for SMP systems...
         Starting LSB: automatic crash report generation...
         Starting LSB: Set the CPU Frequency Scaling governor to "ondemand"...
[[0;32m  OK  [0m] Started LSB: MD monitoring daemon.
[[0;32m  OK  [0m] Started Permit User Sessions.
[968]: | o o+o +=o..     |
[   40.837865] cloud-init[968]: |  +o+*BoE=o      |
[   40.969041] cloud-init[968]: +----[SHA256]-----+
         Starting Hold until boot process finishes up...
         Starting Terminate Plymouth Boot Screen...
[[0;32m  OK  [0m] Started Hold until boot process finishes up.
[   41.032575] cloud-init[968]: Generating public/private ed25519 key pair.
[   41.413208] cloud-init[968]: Your identification has been saved in /etc/ssh/ssh_host_ed25519_key.[[0;32m  OK  [0m] Started Terminate Plymouth Boot Screen.

[   41.509609] cloud-init[968]: Your public key has been saved in /etc/ssh/ssh_host_ed25519_key.pub.
[[0;32m  OK  [0m] Started Getty on tty1.
[   41.713332]          Starting Set console scheme...
[[0;32m  OK  [0m] Started Serial Getty on ttyS0.
[[0;32m  OK  [0m] Reached target Login Prompts.
[[0;32m  OK  [0m] Started Set console scheme.
cloud-init[968]: The key fingerprint is:
[[0;32m  OK  [0m] Started Pollinate to seed the pseudo random number generator.
[   41.926453] cloud-init[968]: SHA256:GKe5Zofk6oVbX3Ju+eUWBljhlGDBi7PZ7qchPF8DGlQ root@ubuntu-xenial         Starting OpenBSD Secure Shell server...

[   42.125070] cloud-init[968]: The key's randomart image is:[[0;32m  OK  [0m] Started LSB: automatic crash report generation.

[   42.192609] cloud-init[968]: +--[ED25519 256]--+
[   42.337077] cloud-init[968]: |         .Eooo   |
[   42.481374] cloud-init[968]: |         o.oo    |
[   42.746247] cloud-init[[0;32m  OK  [0m] Started LSB: Set the CPU Frequency Scaling governor to "ondemand".
[[0;32m  OK  [0m] Started LSB: daemon to balance interrupts for SMP systems.
[968]: |      . o. +.    |
[   43.133744] cloud-init[968]: |       Bo o .    |
[   43.144423] cloud-init[968]: |      = S=.  .   |
[   43.219347] cloud-init[968]: |     + +oo..  o  |
[   43.285533] cloud-init[968]: |    . O B.+.o... |
[   43.295315] cloud-init[968]: |     B o O+o.+.  |
[[0;32m  OK  [0m] Started OpenBSD Secure Shell server.
[[0;32m  OK  [0m] Started Virtualbox guest utils.
[   43.391853] cloud-init[968]: |   .+   .o=+...  |
[   43.436520] cloud-init[968]: +----[SHA256]-----+
[[0;32m  OK  [0m] Created slice User Slice of vagrant.
         Starting User Manager for UID 1000...
[[0;32m  OK  [0m] Started Session 1 of user vagrant.
[[0;32m  OK  [0m] Started User Manager for UID 1000.

Ubuntu 16.04.6 LTS ubuntu-xenial ttyS0

ubuntu-xenial login: [   50.278386] cloud-init[1416]: Generating locales (this might take a while)...
[   52.859155] cloud-init[1416]:   en_US.UTF-8... done
[   52.861586] cloud-init[1416]: Generation complete.
[   53.964450] cloud-init[1416]: Cloud-init v. 19.1-1-gbaa47854-0ubuntu1~16.04.1 running 'modules:config' at Sun, 19 Jan 2020 19:13:32 +0000. Up 49.72 seconds.
ci-info: no authorized ssh keys fingerprints found for user ubuntu.
<14>Jan 19 19:13:37 ec2: 
<14>Jan 19 19:13:37 ec2: #############################################################
<14>Jan 19 19:13:37 ec2: -----BEGIN SSH HOST KEY FINGERPRINTS-----
<14>Jan 19 19:13:37 ec2: 1024 SHA256:2aYeTWwMJwkn4z8C6c4tarDIXYq9rz9d3ky4yBKstcc root@ubuntu-xenial (DSA)
<14>Jan 19 19:13:37 ec2: 256 SHA256:yuz6j5XKikt+uX/J22EERLpqHEFGwu5MeGEy/1vxe64 root@ubuntu-xenial (ECDSA)
<14>Jan 19 19:13:37 ec2: 256 SHA256:GKe5Zofk6oVbX3Ju+eUWBljhlGDBi7PZ7qchPF8DGlQ root@ubuntu-xenial (ED25519)
<14>Jan 19 19:13:37 ec2: 2048 SHA256:8jRoUv67kNQyPQS21UfcPFBlIzAd9xo6XT9K8hcyQTU root@ubuntu-xenial (RSA)
<14>Jan 19 19:13:37 ec2: -----END SSH HOST KEY FINGERPRINTS-----
<14>Jan 19 19:13:37 ec2: #############################################################
-----BEGIN SSH HOST KEY KEYS-----
ecdsa-sha2-nistp256 AAAAE2VjZHNhLXNoYTItbmlzdHAyNTYAAAAIbmlzdHAyNTYAAABBBDeRLs1GtzzAtv6lW2pBzakzIcnhj/EEd9CnC+ZJZrz10lDPBJvzI3ThAH3ezWVNur6bXzw5u7BwqoVqWPK+oEU= root@ubuntu-xenial
ssh-ed25519 AAAAC3NzaC1lZDI1NTE5AAAAINDcIZlCnP7zQZ8sSXRiPZn+mB7F8FEx9+o8ByZRpPqv root@ubuntu-xenial
ssh-rsa AAAAB3NzaC1yc2EAAAADAQABAAABAQDVdWQaSVw0nKgSidxGzBQL0q5K0DKpLLpwwrrAWfbZAikQyH4Xn098QnTXMbMHFT+ffpUJVGdlbCUypjh4OZNH9GlqKrx6joWkEihcVrMSm9st9M0QWm2GNmzq3uPbrBZyEGcusb63UevYjiUDi6kSt6Nw4FC1V2t5rNCThjnA2Df98570Ubq8OnFCSTbOtS4c5gjYHM/G41xaL/F9boo6rDS29f1YyNUr6cM7JFE/5RXMZ0cxgCraLQciXbDBIdPJiP+UqbdkiQR+E+JECtTvP091xJcoomYw/lH+Aa3VdIga/8qyVUM+iOYyb0kn1D4Ki4CZVEYgHVBECDexOI1f root@ubuntu-xenial
-----END SSH HOST KEY KEYS-----
[   55.154126] cloud-init[1590]: Cloud-init v. 19.1-1-gbaa47854-0ubuntu1~16.04.1 running 'modules:final' at Sun, 19 Jan 2020 19:13:37 +0000. Up 54.84 seconds.
[   55.154440] cloud-init[1590]: ci-info: no authorized ssh keys fingerprints found for user ubuntu.
[   55.154558] cloud-init[1590]: Cloud-init v. 19.1-1-gbaa47854-0ubuntu1~16.04.1 finished at Sun, 19 Jan 2020 19:13:37 +0000. Datasource DataSourceNoCloud [seed=/dev/sdb][dsmode=net].  Up 55.14 seconds
